# JRE version: OpenJDK Runtime Environment (8.0_76-b03) (build 1.8.0_76-release-b03)
# Java VM: OpenJDK 64-Bit Server VM (25.76-b03 mixed mode windows-amd64 compressed oops)
Heap:
 PSYoungGen      total 441344K, used 323893K [0x00000000e0000000, 0x0000000100000000, 0x0000000100000000)
  eden space 393216K, 70% used [0x00000000e0000000,0x00000000f0d609e8,0x00000000f8000000)
  from space 48128K, 99% used [0x00000000f8000000,0x00000000faeeca58,0x00000000faf00000)
  to   space 71168K, 0% used [0x00000000fba80000,0x00000000fba80000,0x0000000100000000)
 ParOldGen       total 184320K, used 94183K [0x00000000a0000000, 0x00000000ab400000, 0x00000000e0000000)
  object space 184320K, 51% used [0x00000000a0000000,0x00000000a5bf9f40,0x00000000ab400000)
 Metaspace       used 71171K, capacity 75580K, committed 75904K, reserved 1116160K
  class space    used 8865K, capacity 9481K, committed 9600K, reserved 1048576K
GC Heap History (10 events):
Event: 4121.997 GC heap before
{Heap before GC invocations=46 (full 15):
 PSYoungGen      total 429056K, used 29162K [0x00000000e0000000, 0x0000000100000000, 0x0000000100000000)
  eden space 399872K, 0% used [0x00000000e0000000,0x00000000e0000000,0x00000000f8680000)
  from space 29184K, 99% used [0x00000000f8680000,0x00000000fa2faab0,0x00000000fa300000)
  to   space 46080K, 0% used [0x00000000fd300000,0x00000000fd300000,0x0000000100000000)
 ParOldGen       total 88064K, used 85597K [0x00000000a0000000, 0x00000000a5600000, 0x00000000e0000000)
  object space 88064K, 97% used [0x00000000a0000000,0x00000000a5397768,0x00000000a5600000)
 Metaspace       used 68979K, capacity 72378K, committed 72576K, reserved 1112064K
  class space    used 8577K, capacity 9048K, committed 9088K, reserved 1048576K
Event: 4122.568 GC heap after
Heap after GC invocations=46 (full 15):
 PSYoungGen      total 429056K, used 0K [0x00000000e0000000, 0x0000000100000000, 0x0000000100000000)
  eden space 399872K, 0% used [0x00000000e0000000,0x00000000e0000000,0x00000000f8680000)
  from space 29184K, 0% used [0x00000000f8680000,0x00000000f8680000,0x00000000fa300000)
  to   space 46080K, 0% used [0x00000000fd300000,0x00000000fd300000,0x0000000100000000)
 ParOldGen       total 184320K, used 83514K [0x00000000a0000000, 0x00000000ab400000, 0x00000000e0000000)
  object space 184320K, 45% used [0x00000000a0000000,0x00000000a518eb08,0x00000000ab400000)
 Metaspace       used 68979K, capacity 72378K, committed 72576K, reserved 1112064K
  class space    used 8577K, capacity 9048K, committed 9088K, reserved 1048576K
}
Event: 4122.593 GC heap before
{Heap before GC invocations=47 (full 15):
 PSYoungGen      total 429056K, used 5699K [0x00000000e0000000, 0x0000000100000000, 0x0000000100000000)
  eden space 399872K, 1% used [0x00000000e0000000,0x00000000e0590e40,0x00000000f8680000)
  from space 29184K, 0% used [0x00000000f8680000,0x00000000f8680000,0x00000000fa300000)
  to   space 46080K, 0% used [0x00000000fd300000,0x00000000fd300000,0x0000000100000000)
 ParOldGen       total 184320K, used 83514K [0x00000000a0000000, 0x00000000ab400000, 0x00000000e0000000)
  object space 184320K, 45% used [0x00000000a0000000,0x00000000a518eb08,0x00000000ab400000)
 Metaspace       used 68979K, capacity 72378K, committed 72576K, reserved 1112064K
  class space    used 8577K, capacity 9048K, committed 9088K, reserved 1048576K
Event: 4122.616 GC heap after
Heap after GC invocations=47 (full 15):
 PSYoungGen      total 479232K, used 672K [0x00000000e0000000, 0x0000000100000000, 0x0000000100000000)
  eden space 433152K, 0% used [0x00000000e0000000,0x00000000e0000000,0x00000000fa700000)
  from space 46080K, 1% used [0x00000000fd300000,0x00000000fd3a8000,0x0000000100000000)
  to   space 45056K, 0% used [0x00000000fa700000,0x00000000fa700000,0x00000000fd300000)
 ParOldGen       total 184320K, used 83514K [0x00000000a0000000, 0x00000000ab400000, 0x00000000e0000000)
  object space 184320K, 45% used [0x00000000a0000000,0x00000000a518eb08,0x00000000ab400000)
 Metaspace       used 68979K, capacity 72378K, committed 72576K, reserved 1112064K
  class space    used 8577K, capacity 9048K, committed 9088K, reserved 1048576K
}
Event: 4124.229 GC heap before
{Heap before GC invocations=48 (full 15):
 PSYoungGen      total 479232K, used 433824K [0x00000000e0000000, 0x0000000100000000, 0x0000000100000000)
  eden space 433152K, 100% used [0x00000000e0000000,0x00000000fa700000,0x00000000fa700000)
  from space 46080K, 1% used [0x00000000fd300000,0x00000000fd3a8000,0x0000000100000000)
  to   space 45056K, 0% used [0x00000000fa700000,0x00000000fa700000,0x00000000fd300000)
 ParOldGen       total 184320K, used 83514K [0x00000000a0000000, 0x00000000ab400000, 0x00000000e0000000)
  object space 184320K, 45% used [0x00000000a0000000,0x00000000a518eb08,0x00000000ab400000)
 Metaspace       used 69016K, capacity 72378K, committed 72576K, reserved 1112064K
  class space    used 8578K, capacity 9048K, committed 9088K, reserved 1048576K
Event: 4124.338 GC heap after
Heap after GC invocations=48 (full 15):
 PSYoungGen      total 478208K, used 45042K [0x00000000e0000000, 0x0000000100000000, 0x0000000100000000)
  eden space 433152K, 0% used [0x00000000e0000000,0x00000000e0000000,0x00000000fa700000)
  from space 45056K, 99% used [0x00000000fa700000,0x00000000fd2fca20,0x00000000fd300000)
  to   space 46080K, 0% used [0x00000000fd300000,0x00000000fd300000,0x0000000100000000)
 ParOldGen       total 184320K, used 85374K [0x00000000a0000000, 0x00000000ab400000, 0x00000000e0000000)
  object space 184320K, 46% used [0x00000000a0000000,0x00000000a535fbd8,0x00000000ab400000)
 Metaspace       used 69016K, capacity 72378K, committed 72576K, reserved 1112064K
  class space    used 8578K, capacity 9048K, committed 9088K, reserved 1048576K
}
Event: 4125.788 GC heap before
{Heap before GC invocations=49 (full 15):
 PSYoungGen      total 478208K, used 478194K [0x00000000e0000000, 0x0000000100000000, 0x0000000100000000)
  eden space 433152K, 100% used [0x00000000e0000000,0x00000000fa700000,0x00000000fa700000)
  from space 45056K, 99% used [0x00000000fa700000,0x00000000fd2fca20,0x00000000fd300000)
  to   space 46080K, 0% used [0x00000000fd300000,0x00000000fd300000,0x0000000100000000)
 ParOldGen       total 184320K, used 85374K [0x00000000a0000000, 0x00000000ab400000, 0x00000000e0000000)
  object space 184320K, 46% used [0x00000000a0000000,0x00000000a535fbd8,0x00000000ab400000)
 Metaspace       used 69040K, capacity 72378K, committed 72576K, reserved 1112064K
  class space    used 8578K, capacity 9048K, committed 9088K, reserved 1048576K
Event: 4125.970 GC heap after
Heap after GC invocations=49 (full 15):
 PSYoungGen      total 439296K, used 46065K [0x00000000e0000000, 0x0000000100000000, 0x0000000100000000)
  eden space 393216K, 0% used [0x00000000e0000000,0x00000000e0000000,0x00000000f8000000)
  from space 46080K, 99% used [0x00000000fd300000,0x00000000ffffc758,0x0000000100000000)
  to   space 65536K, 0% used [0x00000000f8000000,0x00000000f8000000,0x00000000fc000000)
 ParOldGen       total 184320K, used 94175K [0x00000000a0000000, 0x00000000ab400000, 0x00000000e0000000)
  object space 184320K, 51% used [0x00000000a0000000,0x00000000a5bf7f40,0x00000000ab400000)
 Metaspace       used 69040K, capacity 72378K, committed 72576K, reserved 1112064K
  class space    used 8578K, capacity 9048K, committed 9088K, reserved 1048576K
}
Event: 4127.410 GC heap before
{Heap before GC invocations=50 (full 15):
 PSYoungGen      total 439296K, used 438638K [0x00000000e0000000, 0x0000000100000000, 0x0000000100000000)
  eden space 393216K, 99% used [0x00000000e0000000,0x00000000f7f5f318,0x00000000f8000000)
  from space 46080K, 99% used [0x00000000fd300000,0x00000000ffffc758,0x0000000100000000)
  to   space 65536K, 0% used [0x00000000f8000000,0x00000000f8000000,0x00000000fc000000)
 ParOldGen       total 184320K, used 94175K [0x00000000a0000000, 0x00000000ab400000, 0x00000000e0000000)
  object space 184320K, 51% used [0x00000000a0000000,0x00000000a5bf7f40,0x00000000ab400000)
 Metaspace       used 69599K, capacity 72994K, committed 73088K, reserved 1114112K
  class space    used 8632K, capacity 9082K, committed 9088K, reserved 1048576K
Event: 4127.489 GC heap after
Heap after GC invocations=50 (full 15):
 PSYoungGen      total 441344K, used 48050K [0x00000000e0000000, 0x0000000100000000, 0x0000000100000000)
  eden space 393216K, 0% used [0x00000000e0000000,0x00000000e0000000,0x00000000f8000000)
  from space 48128K, 99% used [0x00000000f8000000,0x00000000faeeca58,0x00000000faf00000)
  to   space 71168K, 0% used [0x00000000fba80000,0x00000000fba80000,0x0000000100000000)
 ParOldGen       total 184320K, used 94183K [0x00000000a0000000, 0x00000000ab400000, 0x00000000e0000000)
  object space 184320K, 51% used [0x00000000a0000000,0x00000000a5bf9f40,0x00000000ab400000)
 Metaspace       used 69599K, capacity 72994K, committed 73088K, reserved 1114112K
  class space    used 8632K, capacity 9082K, committed 9088K, reserved 1048576K
}

